<?xml version="1.0" encoding="UTF-8"?>
<testsuite xmlns:xsi="http://www.w3.org/2001/XMLSchema-instance" xsi:noNamespaceSchemaLocation="https://maven.apache.org/surefire/maven-surefire-plugin/xsd/surefire-test-report-3.0.xsd" version="3.0" name="com.paymentchain.product.AppTest" time="0.079" tests="1" errors="0" skipped="0" failures="0">
  <properties>
    <property name="java.specification.version" value="17"/>
    <property name="sun.cpu.isalist" value="amd64"/>
    <property name="sun.jnu.encoding" value="Cp1252"/>
    <property name="java.class.path" value="C:\Users\Virginia\.m2\repository\org\apache\maven\surefire\surefire-booter\3.2.5\surefire-booter-3.2.5.jar;C:\Users\Virginia\.m2\repository\org\apache\maven\surefire\surefire-api\3.2.5\surefire-api-3.2.5.jar;C:\Users\Virginia\.m2\repository\org\apache\maven\surefire\surefire-logger-api\3.2.5\surefire-logger-api-3.2.5.jar;C:\Users\Virginia\.m2\repository\org\apache\maven\surefire\surefire-shared-utils\3.2.5\surefire-shared-utils-3.2.5.jar;C:\Users\Virginia\.m2\repository\org\apache\maven\surefire\surefire-extensions-spi\3.2.5\surefire-extensions-spi-3.2.5.jar;C:\Users\Virginia\Desktop\CURSOS\PROYECTOS-CURSOS\PROJECTO-MSERVICIOS\PROJECTO-BUSSINES\paymentchainparent\bussinessdomain\product\target\test-classes;C:\Users\Virginia\Desktop\CURSOS\PROYECTOS-CURSOS\PROJECTO-MSERVICIOS\PROJECTO-BUSSINES\paymentchainparent\bussinessdomain\product\target\classes;C:\Users\Virginia\.m2\repository\org\springframework\boot\spring-boot-starter-webflux\3.2.2\spring-boot-starter-webflux-3.2.2.jar;C:\Users\Virginia\.m2\repository\org\springframework\boot\spring-boot-starter-json\3.2.2\spring-boot-starter-json-3.2.2.jar;C:\Users\Virginia\.m2\repository\com\fasterxml\jackson\core\jackson-databind\2.15.3\jackson-databind-2.15.3.jar;C:\Users\Virginia\.m2\repository\com\fasterxml\jackson\core\jackson-annotations\2.15.3\jackson-annotations-2.15.3.jar;C:\Users\Virginia\.m2\repository\com\fasterxml\jackson\core\jackson-core\2.15.3\jackson-core-2.15.3.jar;C:\Users\Virginia\.m2\repository\com\fasterxml\jackson\datatype\jackson-datatype-jdk8\2.15.3\jackson-datatype-jdk8-2.15.3.jar;C:\Users\Virginia\.m2\repository\com\fasterxml\jackson\datatype\jackson-datatype-jsr310\2.15.3\jackson-datatype-jsr310-2.15.3.jar;C:\Users\Virginia\.m2\repository\com\fasterxml\jackson\module\jackson-module-parameter-names\2.15.3\jackson-module-parameter-names-2.15.3.jar;C:\Users\Virginia\.m2\repository\org\springframework\boot\spring-boot-starter-reactor-netty\3.2.2\spring-boot-starter-reactor-netty-3.2.2.jar;C:\Users\Virginia\.m2\repository\io\projectreactor\netty\reactor-netty-http\1.1.15\reactor-netty-http-1.1.15.jar;C:\Users\Virginia\.m2\repository\io\netty\netty-codec-http\4.1.105.Final\netty-codec-http-4.1.105.Final.jar;C:\Users\Virginia\.m2\repository\io\netty\netty-common\4.1.105.Final\netty-common-4.1.105.Final.jar;C:\Users\Virginia\.m2\repository\io\netty\netty-buffer\4.1.105.Final\netty-buffer-4.1.105.Final.jar;C:\Users\Virginia\.m2\repository\io\netty\netty-transport\4.1.105.Final\netty-transport-4.1.105.Final.jar;C:\Users\Virginia\.m2\repository\io\netty\netty-codec\4.1.105.Final\netty-codec-4.1.105.Final.jar;C:\Users\Virginia\.m2\repository\io\netty\netty-handler\4.1.105.Final\netty-handler-4.1.105.Final.jar;C:\Users\Virginia\.m2\repository\io\netty\netty-codec-http2\4.1.105.Final\netty-codec-http2-4.1.105.Final.jar;C:\Users\Virginia\.m2\repository\io\netty\netty-resolver-dns\4.1.105.Final\netty-resolver-dns-4.1.105.Final.jar;C:\Users\Virginia\.m2\repository\io\netty\netty-resolver\4.1.105.Final\netty-resolver-4.1.105.Final.jar;C:\Users\Virginia\.m2\repository\io\netty\netty-codec-dns\4.1.105.Final\netty-codec-dns-4.1.105.Final.jar;C:\Users\Virginia\.m2\repository\io\netty\netty-resolver-dns-native-macos\4.1.105.Final\netty-resolver-dns-native-macos-4.1.105.Final-osx-x86_64.jar;C:\Users\Virginia\.m2\repository\io\netty\netty-resolver-dns-classes-macos\4.1.105.Final\netty-resolver-dns-classes-macos-4.1.105.Final.jar;C:\Users\Virginia\.m2\repository\io\netty\netty-transport-native-epoll\4.1.105.Final\netty-transport-native-epoll-4.1.105.Final-linux-x86_64.jar;C:\Users\Virginia\.m2\repository\io\netty\netty-transport-native-unix-common\4.1.105.Final\netty-transport-native-unix-common-4.1.105.Final.jar;C:\Users\Virginia\.m2\repository\io\netty\netty-transport-classes-epoll\4.1.105.Final\netty-transport-classes-epoll-4.1.105.Final.jar;C:\Users\Virginia\.m2\repository\io\projectreactor\netty\reactor-netty-core\1.1.15\reactor-netty-core-1.1.15.jar;C:\Users\Virginia\.m2\repository\io\netty\netty-handler-proxy\4.1.105.Final\netty-handler-proxy-4.1.105.Final.jar;C:\Users\Virginia\.m2\repository\io\netty\netty-codec-socks\4.1.105.Final\netty-codec-socks-4.1.105.Final.jar;C:\Users\Virginia\.m2\repository\org\springframework\spring-web\6.1.3\spring-web-6.1.3.jar;C:\Users\Virginia\.m2\repository\org\springframework\spring-beans\6.1.3\spring-beans-6.1.3.jar;C:\Users\Virginia\.m2\repository\io\micrometer\micrometer-observation\1.12.2\micrometer-observation-1.12.2.jar;C:\Users\Virginia\.m2\repository\io\micrometer\micrometer-commons\1.12.2\micrometer-commons-1.12.2.jar;C:\Users\Virginia\.m2\repository\org\springframework\spring-webflux\6.1.3\spring-webflux-6.1.3.jar;C:\Users\Virginia\.m2\repository\io\projectreactor\reactor-core\3.6.2\reactor-core-3.6.2.jar;C:\Users\Virginia\.m2\repository\org\reactivestreams\reactive-streams\1.0.4\reactive-streams-1.0.4.jar;C:\Users\Virginia\.m2\repository\org\springframework\boot\spring-boot-starter-hateoas\3.2.2\spring-boot-starter-hateoas-3.2.2.jar;C:\Users\Virginia\.m2\repository\org\springframework\hateoas\spring-hateoas\2.2.0\spring-hateoas-2.2.0.jar;C:\Users\Virginia\.m2\repository\org\springframework\spring-aop\6.1.3\spring-aop-6.1.3.jar;C:\Users\Virginia\.m2\repository\org\springframework\spring-context\6.1.3\spring-context-6.1.3.jar;C:\Users\Virginia\.m2\repository\org\springframework\plugin\spring-plugin-core\3.0.0\spring-plugin-core-3.0.0.jar;C:\Users\Virginia\.m2\repository\org\slf4j\slf4j-api\2.0.11\slf4j-api-2.0.11.jar;C:\Users\Virginia\.m2\repository\org\springframework\boot\spring-boot-starter-data-jpa\3.2.2\spring-boot-starter-data-jpa-3.2.2.jar;C:\Users\Virginia\.m2\repository\org\springframework\boot\spring-boot-starter-aop\3.2.2\spring-boot-starter-aop-3.2.2.jar;C:\Users\Virginia\.m2\repository\org\aspectj\aspectjweaver\1.9.21\aspectjweaver-1.9.21.jar;C:\Users\Virginia\.m2\repository\org\springframework\boot\spring-boot-starter-jdbc\3.2.2\spring-boot-starter-jdbc-3.2.2.jar;C:\Users\Virginia\.m2\repository\com\zaxxer\HikariCP\5.0.1\HikariCP-5.0.1.jar;C:\Users\Virginia\.m2\repository\org\springframework\spring-jdbc\6.1.3\spring-jdbc-6.1.3.jar;C:\Users\Virginia\.m2\repository\org\hibernate\orm\hibernate-core\6.4.1.Final\hibernate-core-6.4.1.Final.jar;C:\Users\Virginia\.m2\repository\jakarta\persistence\jakarta.persistence-api\3.1.0\jakarta.persistence-api-3.1.0.jar;C:\Users\Virginia\.m2\repository\jakarta\transaction\jakarta.transaction-api\2.0.1\jakarta.transaction-api-2.0.1.jar;C:\Users\Virginia\.m2\repository\org\jboss\logging\jboss-logging\3.5.3.Final\jboss-logging-3.5.3.Final.jar;C:\Users\Virginia\.m2\repository\org\hibernate\common\hibernate-commons-annotations\6.0.6.Final\hibernate-commons-annotations-6.0.6.Final.jar;C:\Users\Virginia\.m2\repository\io\smallrye\jandex\3.1.2\jandex-3.1.2.jar;C:\Users\Virginia\.m2\repository\com\fasterxml\classmate\1.6.0\classmate-1.6.0.jar;C:\Users\Virginia\.m2\repository\org\glassfish\jaxb\jaxb-runtime\4.0.4\jaxb-runtime-4.0.4.jar;C:\Users\Virginia\.m2\repository\org\glassfish\jaxb\jaxb-core\4.0.4\jaxb-core-4.0.4.jar;C:\Users\Virginia\.m2\repository\org\eclipse\angus\angus-activation\2.0.1\angus-activation-2.0.1.jar;C:\Users\Virginia\.m2\repository\org\glassfish\jaxb\txw2\4.0.4\txw2-4.0.4.jar;C:\Users\Virginia\.m2\repository\com\sun\istack\istack-commons-runtime\4.1.2\istack-commons-runtime-4.1.2.jar;C:\Users\Virginia\.m2\repository\jakarta\inject\jakarta.inject-api\2.0.1\jakarta.inject-api-2.0.1.jar;C:\Users\Virginia\.m2\repository\org\antlr\antlr4-runtime\4.13.0\antlr4-runtime-4.13.0.jar;C:\Users\Virginia\.m2\repository\org\springframework\data\spring-data-jpa\3.2.2\spring-data-jpa-3.2.2.jar;C:\Users\Virginia\.m2\repository\org\springframework\data\spring-data-commons\3.2.2\spring-data-commons-3.2.2.jar;C:\Users\Virginia\.m2\repository\org\springframework\spring-orm\6.1.3\spring-orm-6.1.3.jar;C:\Users\Virginia\.m2\repository\org\springframework\spring-tx\6.1.3\spring-tx-6.1.3.jar;C:\Users\Virginia\.m2\repository\org\springframework\spring-aspects\6.1.3\spring-aspects-6.1.3.jar;C:\Users\Virginia\.m2\repository\com\h2database\h2\2.2.224\h2-2.2.224.jar;C:\Users\Virginia\.m2\repository\org\springframework\boot\spring-boot-starter-web\3.2.2\spring-boot-starter-web-3.2.2.jar;C:\Users\Virginia\.m2\repository\org\springframework\boot\spring-boot-starter-tomcat\3.2.2\spring-boot-starter-tomcat-3.2.2.jar;C:\Users\Virginia\.m2\repository\org\apache\tomcat\embed\tomcat-embed-core\10.1.18\tomcat-embed-core-10.1.18.jar;C:\Users\Virginia\.m2\repository\org\apache\tomcat\embed\tomcat-embed-el\10.1.18\tomcat-embed-el-10.1.18.jar;C:\Users\Virginia\.m2\repository\org\apache\tomcat\embed\tomcat-embed-websocket\10.1.18\tomcat-embed-websocket-10.1.18.jar;C:\Users\Virginia\.m2\repository\org\springframework\spring-webmvc\6.1.3\spring-webmvc-6.1.3.jar;C:\Users\Virginia\.m2\repository\org\springframework\spring-expression\6.1.3\spring-expression-6.1.3.jar;C:\Users\Virginia\.m2\repository\org\springdoc\springdoc-openapi-starter-webmvc-ui\2.3.0\springdoc-openapi-starter-webmvc-ui-2.3.0.jar;C:\Users\Virginia\.m2\repository\org\springdoc\springdoc-openapi-starter-webmvc-api\2.3.0\springdoc-openapi-starter-webmvc-api-2.3.0.jar;C:\Users\Virginia\.m2\repository\org\springdoc\springdoc-openapi-starter-common\2.3.0\springdoc-openapi-starter-common-2.3.0.jar;C:\Users\Virginia\.m2\repository\io\swagger\core\v3\swagger-core-jakarta\2.2.19\swagger-core-jakarta-2.2.19.jar;C:\Users\Virginia\.m2\repository\io\swagger\core\v3\swagger-annotations-jakarta\2.2.19\swagger-annotations-jakarta-2.2.19.jar;C:\Users\Virginia\.m2\repository\io\swagger\core\v3\swagger-models-jakarta\2.2.19\swagger-models-jakarta-2.2.19.jar;C:\Users\Virginia\.m2\repository\jakarta\validation\jakarta.validation-api\3.0.2\jakarta.validation-api-3.0.2.jar;C:\Users\Virginia\.m2\repository\com\fasterxml\jackson\dataformat\jackson-dataformat-yaml\2.15.3\jackson-dataformat-yaml-2.15.3.jar;C:\Users\Virginia\.m2\repository\org\webjars\swagger-ui\5.10.3\swagger-ui-5.10.3.jar;C:\Users\Virginia\.m2\repository\org\projectlombok\lombok\1.18.30\lombok-1.18.30.jar;C:\Users\Virginia\.m2\repository\org\mapstruct\mapstruct-jdk8\1.5.5.Final\mapstruct-jdk8-1.5.5.Final.jar;C:\Users\Virginia\.m2\repository\org\mockito\mockito-core\5.7.0\mockito-core-5.7.0.jar;C:\Users\Virginia\.m2\repository\net\bytebuddy\byte-buddy\1.14.11\byte-buddy-1.14.11.jar;C:\Users\Virginia\.m2\repository\net\bytebuddy\byte-buddy-agent\1.14.11\byte-buddy-agent-1.14.11.jar;C:\Users\Virginia\.m2\repository\org\objenesis\objenesis\3.3\objenesis-3.3.jar;C:\Users\Virginia\.m2\repository\com\github\javafaker\javafaker\1.0.2\javafaker-1.0.2.jar;C:\Users\Virginia\.m2\repository\org\apache\commons\commons-lang3\3.13.0\commons-lang3-3.13.0.jar;C:\Users\Virginia\.m2\repository\com\github\mifmif\generex\1.0.2\generex-1.0.2.jar;C:\Users\Virginia\.m2\repository\dk\brics\automaton\automaton\1.11-8\automaton-1.11-8.jar;C:\Users\Virginia\.m2\repository\org\springframework\boot\spring-boot-starter\3.2.2\spring-boot-starter-3.2.2.jar;C:\Users\Virginia\.m2\repository\org\springframework\boot\spring-boot\3.2.2\spring-boot-3.2.2.jar;C:\Users\Virginia\.m2\repository\org\springframework\boot\spring-boot-autoconfigure\3.2.2\spring-boot-autoconfigure-3.2.2.jar;C:\Users\Virginia\.m2\repository\org\springframework\boot\spring-boot-starter-logging\3.2.2\spring-boot-starter-logging-3.2.2.jar;C:\Users\Virginia\.m2\repository\ch\qos\logback\logback-classic\1.4.14\logback-classic-1.4.14.jar;C:\Users\Virginia\.m2\repository\ch\qos\logback\logback-core\1.4.14\logback-core-1.4.14.jar;C:\Users\Virginia\.m2\repository\org\apache\logging\log4j\log4j-to-slf4j\2.21.1\log4j-to-slf4j-2.21.1.jar;C:\Users\Virginia\.m2\repository\org\apache\logging\log4j\log4j-api\2.21.1\log4j-api-2.21.1.jar;C:\Users\Virginia\.m2\repository\org\slf4j\jul-to-slf4j\2.0.11\jul-to-slf4j-2.0.11.jar;C:\Users\Virginia\.m2\repository\jakarta\annotation\jakarta.annotation-api\2.1.1\jakarta.annotation-api-2.1.1.jar;C:\Users\Virginia\.m2\repository\org\springframework\spring-core\6.1.3\spring-core-6.1.3.jar;C:\Users\Virginia\.m2\repository\org\springframework\spring-jcl\6.1.3\spring-jcl-6.1.3.jar;C:\Users\Virginia\.m2\repository\org\yaml\snakeyaml\2.2\snakeyaml-2.2.jar;C:\Users\Virginia\.m2\repository\org\springframework\boot\spring-boot-devtools\3.2.2\spring-boot-devtools-3.2.2.jar;C:\Users\Virginia\.m2\repository\org\springframework\boot\spring-boot-starter-test\3.2.2\spring-boot-starter-test-3.2.2.jar;C:\Users\Virginia\.m2\repository\org\springframework\boot\spring-boot-test\3.2.2\spring-boot-test-3.2.2.jar;C:\Users\Virginia\.m2\repository\org\springframework\boot\spring-boot-test-autoconfigure\3.2.2\spring-boot-test-autoconfigure-3.2.2.jar;C:\Users\Virginia\.m2\repository\com\jayway\jsonpath\json-path\2.8.0\json-path-2.8.0.jar;C:\Users\Virginia\.m2\repository\jakarta\xml\bind\jakarta.xml.bind-api\4.0.1\jakarta.xml.bind-api-4.0.1.jar;C:\Users\Virginia\.m2\repository\jakarta\activation\jakarta.activation-api\2.1.2\jakarta.activation-api-2.1.2.jar;C:\Users\Virginia\.m2\repository\net\minidev\json-smart\2.5.0\json-smart-2.5.0.jar;C:\Users\Virginia\.m2\repository\net\minidev\accessors-smart\2.5.0\accessors-smart-2.5.0.jar;C:\Users\Virginia\.m2\repository\org\ow2\asm\asm\9.3\asm-9.3.jar;C:\Users\Virginia\.m2\repository\org\assertj\assertj-core\3.24.2\assertj-core-3.24.2.jar;C:\Users\Virginia\.m2\repository\org\awaitility\awaitility\4.2.0\awaitility-4.2.0.jar;C:\Users\Virginia\.m2\repository\org\hamcrest\hamcrest\2.2\hamcrest-2.2.jar;C:\Users\Virginia\.m2\repository\org\junit\jupiter\junit-jupiter\5.10.1\junit-jupiter-5.10.1.jar;C:\Users\Virginia\.m2\repository\org\junit\jupiter\junit-jupiter-api\5.10.1\junit-jupiter-api-5.10.1.jar;C:\Users\Virginia\.m2\repository\org\opentest4j\opentest4j\1.3.0\opentest4j-1.3.0.jar;C:\Users\Virginia\.m2\repository\org\junit\platform\junit-platform-commons\1.10.1\junit-platform-commons-1.10.1.jar;C:\Users\Virginia\.m2\repository\org\apiguardian\apiguardian-api\1.1.2\apiguardian-api-1.1.2.jar;C:\Users\Virginia\.m2\repository\org\junit\jupiter\junit-jupiter-params\5.10.1\junit-jupiter-params-5.10.1.jar;C:\Users\Virginia\.m2\repository\org\junit\jupiter\junit-jupiter-engine\5.10.1\junit-jupiter-engine-5.10.1.jar;C:\Users\Virginia\.m2\repository\org\junit\platform\junit-platform-engine\1.10.1\junit-platform-engine-1.10.1.jar;C:\Users\Virginia\.m2\repository\org\mockito\mockito-junit-jupiter\5.7.0\mockito-junit-jupiter-5.7.0.jar;C:\Users\Virginia\.m2\repository\org\skyscreamer\jsonassert\1.5.1\jsonassert-1.5.1.jar;C:\Users\Virginia\.m2\repository\com\vaadin\external\google\android-json\0.0.20131108.vaadin1\android-json-0.0.20131108.vaadin1.jar;C:\Users\Virginia\.m2\repository\org\springframework\spring-test\6.1.3\spring-test-6.1.3.jar;C:\Users\Virginia\.m2\repository\org\xmlunit\xmlunit-core\2.9.1\xmlunit-core-2.9.1.jar;C:\Users\Virginia\.m2\repository\org\apache\maven\surefire\surefire-junit-platform\3.2.5\surefire-junit-platform-3.2.5.jar;C:\Users\Virginia\.m2\repository\org\apache\maven\surefire\common-java5\3.2.5\common-java5-3.2.5.jar;C:\Users\Virginia\.m2\repository\org\junit\platform\junit-platform-launcher\1.10.1\junit-platform-launcher-1.10.1.jar"/>
    <property name="java.vm.vendor" value="Eclipse Adoptium"/>
    <property name="sun.arch.data.model" value="64"/>
    <property name="user.variant" value=""/>
    <property name="java.vendor.url" value="https://adoptium.net/"/>
    <property name="user.timezone" value="Europe/Madrid"/>
    <property name="os.name" value="Windows 11"/>
    <property name="java.vm.specification.version" value="17"/>
    <property name="sun.java.launcher" value="SUN_STANDARD"/>
    <property name="user.country" value="ES"/>
    <property name="sun.boot.library.path" value="C:\Users\Virginia\Desktop\CURSOS\CURSO_SPRING5_UDEMY\sts-4.14.0.RELEASE-IDE\plugins\org.eclipse.justj.openjdk.hotspot.jre.full.win32.x86_64_17.0.2.v20220201-1208\jre\bin"/>
    <property name="sun.java.command" value="org.apache.maven.surefire.booter.ForkedBooter C:\Users\Virginia\AppData\Local\Temp\surefire13809582911078285708 2025-06-30T18-26-36_806-jvmRun1 surefire-20250630182648612_4tmp surefire_1-20250630182648612_5tmp"/>
    <property name="jdk.debug" value="release"/>
    <property name="surefire.test.class.path" value="C:\Users\Virginia\Desktop\CURSOS\PROYECTOS-CURSOS\PROJECTO-MSERVICIOS\PROJECTO-BUSSINES\paymentchainparent\bussinessdomain\product\target\test-classes;C:\Users\Virginia\Desktop\CURSOS\PROYECTOS-CURSOS\PROJECTO-MSERVICIOS\PROJECTO-BUSSINES\paymentchainparent\bussinessdomain\product\target\classes;C:\Users\Virginia\.m2\repository\org\springframework\boot\spring-boot-starter-webflux\3.2.2\spring-boot-starter-webflux-3.2.2.jar;C:\Users\Virginia\.m2\repository\org\springframework\boot\spring-boot-starter-json\3.2.2\spring-boot-starter-json-3.2.2.jar;C:\Users\Virginia\.m2\repository\com\fasterxml\jackson\core\jackson-databind\2.15.3\jackson-databind-2.15.3.jar;C:\Users\Virginia\.m2\repository\com\fasterxml\jackson\core\jackson-annotations\2.15.3\jackson-annotations-2.15.3.jar;C:\Users\Virginia\.m2\repository\com\fasterxml\jackson\core\jackson-core\2.15.3\jackson-core-2.15.3.jar;C:\Users\Virginia\.m2\repository\com\fasterxml\jackson\datatype\jackson-datatype-jdk8\2.15.3\jackson-datatype-jdk8-2.15.3.jar;C:\Users\Virginia\.m2\repository\com\fasterxml\jackson\datatype\jackson-datatype-jsr310\2.15.3\jackson-datatype-jsr310-2.15.3.jar;C:\Users\Virginia\.m2\repository\com\fasterxml\jackson\module\jackson-module-parameter-names\2.15.3\jackson-module-parameter-names-2.15.3.jar;C:\Users\Virginia\.m2\repository\org\springframework\boot\spring-boot-starter-reactor-netty\3.2.2\spring-boot-starter-reactor-netty-3.2.2.jar;C:\Users\Virginia\.m2\repository\io\projectreactor\netty\reactor-netty-http\1.1.15\reactor-netty-http-1.1.15.jar;C:\Users\Virginia\.m2\repository\io\netty\netty-codec-http\4.1.105.Final\netty-codec-http-4.1.105.Final.jar;C:\Users\Virginia\.m2\repository\io\netty\netty-common\4.1.105.Final\netty-common-4.1.105.Final.jar;C:\Users\Virginia\.m2\repository\io\netty\netty-buffer\4.1.105.Final\netty-buffer-4.1.105.Final.jar;C:\Users\Virginia\.m2\repository\io\netty\netty-transport\4.1.105.Final\netty-transport-4.1.105.Final.jar;C:\Users\Virginia\.m2\repository\io\netty\netty-codec\4.1.105.Final\netty-codec-4.1.105.Final.jar;C:\Users\Virginia\.m2\repository\io\netty\netty-handler\4.1.105.Final\netty-handler-4.1.105.Final.jar;C:\Users\Virginia\.m2\repository\io\netty\netty-codec-http2\4.1.105.Final\netty-codec-http2-4.1.105.Final.jar;C:\Users\Virginia\.m2\repository\io\netty\netty-resolver-dns\4.1.105.Final\netty-resolver-dns-4.1.105.Final.jar;C:\Users\Virginia\.m2\repository\io\netty\netty-resolver\4.1.105.Final\netty-resolver-4.1.105.Final.jar;C:\Users\Virginia\.m2\repository\io\netty\netty-codec-dns\4.1.105.Final\netty-codec-dns-4.1.105.Final.jar;C:\Users\Virginia\.m2\repository\io\netty\netty-resolver-dns-native-macos\4.1.105.Final\netty-resolver-dns-native-macos-4.1.105.Final-osx-x86_64.jar;C:\Users\Virginia\.m2\repository\io\netty\netty-resolver-dns-classes-macos\4.1.105.Final\netty-resolver-dns-classes-macos-4.1.105.Final.jar;C:\Users\Virginia\.m2\repository\io\netty\netty-transport-native-epoll\4.1.105.Final\netty-transport-native-epoll-4.1.105.Final-linux-x86_64.jar;C:\Users\Virginia\.m2\repository\io\netty\netty-transport-native-unix-common\4.1.105.Final\netty-transport-native-unix-common-4.1.105.Final.jar;C:\Users\Virginia\.m2\repository\io\netty\netty-transport-classes-epoll\4.1.105.Final\netty-transport-classes-epoll-4.1.105.Final.jar;C:\Users\Virginia\.m2\repository\io\projectreactor\netty\reactor-netty-core\1.1.15\reactor-netty-core-1.1.15.jar;C:\Users\Virginia\.m2\repository\io\netty\netty-handler-proxy\4.1.105.Final\netty-handler-proxy-4.1.105.Final.jar;C:\Users\Virginia\.m2\repository\io\netty\netty-codec-socks\4.1.105.Final\netty-codec-socks-4.1.105.Final.jar;C:\Users\Virginia\.m2\repository\org\springframework\spring-web\6.1.3\spring-web-6.1.3.jar;C:\Users\Virginia\.m2\repository\org\springframework\spring-beans\6.1.3\spring-beans-6.1.3.jar;C:\Users\Virginia\.m2\repository\io\micrometer\micrometer-observation\1.12.2\micrometer-observation-1.12.2.jar;C:\Users\Virginia\.m2\repository\io\micrometer\micrometer-commons\1.12.2\micrometer-commons-1.12.2.jar;C:\Users\Virginia\.m2\repository\org\springframework\spring-webflux\6.1.3\spring-webflux-6.1.3.jar;C:\Users\Virginia\.m2\repository\io\projectreactor\reactor-core\3.6.2\reactor-core-3.6.2.jar;C:\Users\Virginia\.m2\repository\org\reactivestreams\reactive-streams\1.0.4\reactive-streams-1.0.4.jar;C:\Users\Virginia\.m2\repository\org\springframework\boot\spring-boot-starter-hateoas\3.2.2\spring-boot-starter-hateoas-3.2.2.jar;C:\Users\Virginia\.m2\repository\org\springframework\hateoas\spring-hateoas\2.2.0\spring-hateoas-2.2.0.jar;C:\Users\Virginia\.m2\repository\org\springframework\spring-aop\6.1.3\spring-aop-6.1.3.jar;C:\Users\Virginia\.m2\repository\org\springframework\spring-context\6.1.3\spring-context-6.1.3.jar;C:\Users\Virginia\.m2\repository\org\springframework\plugin\spring-plugin-core\3.0.0\spring-plugin-core-3.0.0.jar;C:\Users\Virginia\.m2\repository\org\slf4j\slf4j-api\2.0.11\slf4j-api-2.0.11.jar;C:\Users\Virginia\.m2\repository\org\springframework\boot\spring-boot-starter-data-jpa\3.2.2\spring-boot-starter-data-jpa-3.2.2.jar;C:\Users\Virginia\.m2\repository\org\springframework\boot\spring-boot-starter-aop\3.2.2\spring-boot-starter-aop-3.2.2.jar;C:\Users\Virginia\.m2\repository\org\aspectj\aspectjweaver\1.9.21\aspectjweaver-1.9.21.jar;C:\Users\Virginia\.m2\repository\org\springframework\boot\spring-boot-starter-jdbc\3.2.2\spring-boot-starter-jdbc-3.2.2.jar;C:\Users\Virginia\.m2\repository\com\zaxxer\HikariCP\5.0.1\HikariCP-5.0.1.jar;C:\Users\Virginia\.m2\repository\org\springframework\spring-jdbc\6.1.3\spring-jdbc-6.1.3.jar;C:\Users\Virginia\.m2\repository\org\hibernate\orm\hibernate-core\6.4.1.Final\hibernate-core-6.4.1.Final.jar;C:\Users\Virginia\.m2\repository\jakarta\persistence\jakarta.persistence-api\3.1.0\jakarta.persistence-api-3.1.0.jar;C:\Users\Virginia\.m2\repository\jakarta\transaction\jakarta.transaction-api\2.0.1\jakarta.transaction-api-2.0.1.jar;C:\Users\Virginia\.m2\repository\org\jboss\logging\jboss-logging\3.5.3.Final\jboss-logging-3.5.3.Final.jar;C:\Users\Virginia\.m2\repository\org\hibernate\common\hibernate-commons-annotations\6.0.6.Final\hibernate-commons-annotations-6.0.6.Final.jar;C:\Users\Virginia\.m2\repository\io\smallrye\jandex\3.1.2\jandex-3.1.2.jar;C:\Users\Virginia\.m2\repository\com\fasterxml\classmate\1.6.0\classmate-1.6.0.jar;C:\Users\Virginia\.m2\repository\org\glassfish\jaxb\jaxb-runtime\4.0.4\jaxb-runtime-4.0.4.jar;C:\Users\Virginia\.m2\repository\org\glassfish\jaxb\jaxb-core\4.0.4\jaxb-core-4.0.4.jar;C:\Users\Virginia\.m2\repository\org\eclipse\angus\angus-activation\2.0.1\angus-activation-2.0.1.jar;C:\Users\Virginia\.m2\repository\org\glassfish\jaxb\txw2\4.0.4\txw2-4.0.4.jar;C:\Users\Virginia\.m2\repository\com\sun\istack\istack-commons-runtime\4.1.2\istack-commons-runtime-4.1.2.jar;C:\Users\Virginia\.m2\repository\jakarta\inject\jakarta.inject-api\2.0.1\jakarta.inject-api-2.0.1.jar;C:\Users\Virginia\.m2\repository\org\antlr\antlr4-runtime\4.13.0\antlr4-runtime-4.13.0.jar;C:\Users\Virginia\.m2\repository\org\springframework\data\spring-data-jpa\3.2.2\spring-data-jpa-3.2.2.jar;C:\Users\Virginia\.m2\repository\org\springframework\data\spring-data-commons\3.2.2\spring-data-commons-3.2.2.jar;C:\Users\Virginia\.m2\repository\org\springframework\spring-orm\6.1.3\spring-orm-6.1.3.jar;C:\Users\Virginia\.m2\repository\org\springframework\spring-tx\6.1.3\spring-tx-6.1.3.jar;C:\Users\Virginia\.m2\repository\org\springframework\spring-aspects\6.1.3\spring-aspects-6.1.3.jar;C:\Users\Virginia\.m2\repository\com\h2database\h2\2.2.224\h2-2.2.224.jar;C:\Users\Virginia\.m2\repository\org\springframework\boot\spring-boot-starter-web\3.2.2\spring-boot-starter-web-3.2.2.jar;C:\Users\Virginia\.m2\repository\org\springframework\boot\spring-boot-starter-tomcat\3.2.2\spring-boot-starter-tomcat-3.2.2.jar;C:\Users\Virginia\.m2\repository\org\apache\tomcat\embed\tomcat-embed-core\10.1.18\tomcat-embed-core-10.1.18.jar;C:\Users\Virginia\.m2\repository\org\apache\tomcat\embed\tomcat-embed-el\10.1.18\tomcat-embed-el-10.1.18.jar;C:\Users\Virginia\.m2\repository\org\apache\tomcat\embed\tomcat-embed-websocket\10.1.18\tomcat-embed-websocket-10.1.18.jar;C:\Users\Virginia\.m2\repository\org\springframework\spring-webmvc\6.1.3\spring-webmvc-6.1.3.jar;C:\Users\Virginia\.m2\repository\org\springframework\spring-expression\6.1.3\spring-expression-6.1.3.jar;C:\Users\Virginia\.m2\repository\org\springdoc\springdoc-openapi-starter-webmvc-ui\2.3.0\springdoc-openapi-starter-webmvc-ui-2.3.0.jar;C:\Users\Virginia\.m2\repository\org\springdoc\springdoc-openapi-starter-webmvc-api\2.3.0\springdoc-openapi-starter-webmvc-api-2.3.0.jar;C:\Users\Virginia\.m2\repository\org\springdoc\springdoc-openapi-starter-common\2.3.0\springdoc-openapi-starter-common-2.3.0.jar;C:\Users\Virginia\.m2\repository\io\swagger\core\v3\swagger-core-jakarta\2.2.19\swagger-core-jakarta-2.2.19.jar;C:\Users\Virginia\.m2\repository\io\swagger\core\v3\swagger-annotations-jakarta\2.2.19\swagger-annotations-jakarta-2.2.19.jar;C:\Users\Virginia\.m2\repository\io\swagger\core\v3\swagger-models-jakarta\2.2.19\swagger-models-jakarta-2.2.19.jar;C:\Users\Virginia\.m2\repository\jakarta\validation\jakarta.validation-api\3.0.2\jakarta.validation-api-3.0.2.jar;C:\Users\Virginia\.m2\repository\com\fasterxml\jackson\dataformat\jackson-dataformat-yaml\2.15.3\jackson-dataformat-yaml-2.15.3.jar;C:\Users\Virginia\.m2\repository\org\webjars\swagger-ui\5.10.3\swagger-ui-5.10.3.jar;C:\Users\Virginia\.m2\repository\org\projectlombok\lombok\1.18.30\lombok-1.18.30.jar;C:\Users\Virginia\.m2\repository\org\mapstruct\mapstruct-jdk8\1.5.5.Final\mapstruct-jdk8-1.5.5.Final.jar;C:\Users\Virginia\.m2\repository\org\mockito\mockito-core\5.7.0\mockito-core-5.7.0.jar;C:\Users\Virginia\.m2\repository\net\bytebuddy\byte-buddy\1.14.11\byte-buddy-1.14.11.jar;C:\Users\Virginia\.m2\repository\net\bytebuddy\byte-buddy-agent\1.14.11\byte-buddy-agent-1.14.11.jar;C:\Users\Virginia\.m2\repository\org\objenesis\objenesis\3.3\objenesis-3.3.jar;C:\Users\Virginia\.m2\repository\com\github\javafaker\javafaker\1.0.2\javafaker-1.0.2.jar;C:\Users\Virginia\.m2\repository\org\apache\commons\commons-lang3\3.13.0\commons-lang3-3.13.0.jar;C:\Users\Virginia\.m2\repository\com\github\mifmif\generex\1.0.2\generex-1.0.2.jar;C:\Users\Virginia\.m2\repository\dk\brics\automaton\automaton\1.11-8\automaton-1.11-8.jar;C:\Users\Virginia\.m2\repository\org\springframework\boot\spring-boot-starter\3.2.2\spring-boot-starter-3.2.2.jar;C:\Users\Virginia\.m2\repository\org\springframework\boot\spring-boot\3.2.2\spring-boot-3.2.2.jar;C:\Users\Virginia\.m2\repository\org\springframework\boot\spring-boot-autoconfigure\3.2.2\spring-boot-autoconfigure-3.2.2.jar;C:\Users\Virginia\.m2\repository\org\springframework\boot\spring-boot-starter-logging\3.2.2\spring-boot-starter-logging-3.2.2.jar;C:\Users\Virginia\.m2\repository\ch\qos\logback\logback-classic\1.4.14\logback-classic-1.4.14.jar;C:\Users\Virginia\.m2\repository\ch\qos\logback\logback-core\1.4.14\logback-core-1.4.14.jar;C:\Users\Virginia\.m2\repository\org\apache\logging\log4j\log4j-to-slf4j\2.21.1\log4j-to-slf4j-2.21.1.jar;C:\Users\Virginia\.m2\repository\org\apache\logging\log4j\log4j-api\2.21.1\log4j-api-2.21.1.jar;C:\Users\Virginia\.m2\repository\org\slf4j\jul-to-slf4j\2.0.11\jul-to-slf4j-2.0.11.jar;C:\Users\Virginia\.m2\repository\jakarta\annotation\jakarta.annotation-api\2.1.1\jakarta.annotation-api-2.1.1.jar;C:\Users\Virginia\.m2\repository\org\springframework\spring-core\6.1.3\spring-core-6.1.3.jar;C:\Users\Virginia\.m2\repository\org\springframework\spring-jcl\6.1.3\spring-jcl-6.1.3.jar;C:\Users\Virginia\.m2\repository\org\yaml\snakeyaml\2.2\snakeyaml-2.2.jar;C:\Users\Virginia\.m2\repository\org\springframework\boot\spring-boot-devtools\3.2.2\spring-boot-devtools-3.2.2.jar;C:\Users\Virginia\.m2\repository\org\springframework\boot\spring-boot-starter-test\3.2.2\spring-boot-starter-test-3.2.2.jar;C:\Users\Virginia\.m2\repository\org\springframework\boot\spring-boot-test\3.2.2\spring-boot-test-3.2.2.jar;C:\Users\Virginia\.m2\repository\org\springframework\boot\spring-boot-test-autoconfigure\3.2.2\spring-boot-test-autoconfigure-3.2.2.jar;C:\Users\Virginia\.m2\repository\com\jayway\jsonpath\json-path\2.8.0\json-path-2.8.0.jar;C:\Users\Virginia\.m2\repository\jakarta\xml\bind\jakarta.xml.bind-api\4.0.1\jakarta.xml.bind-api-4.0.1.jar;C:\Users\Virginia\.m2\repository\jakarta\activation\jakarta.activation-api\2.1.2\jakarta.activation-api-2.1.2.jar;C:\Users\Virginia\.m2\repository\net\minidev\json-smart\2.5.0\json-smart-2.5.0.jar;C:\Users\Virginia\.m2\repository\net\minidev\accessors-smart\2.5.0\accessors-smart-2.5.0.jar;C:\Users\Virginia\.m2\repository\org\ow2\asm\asm\9.3\asm-9.3.jar;C:\Users\Virginia\.m2\repository\org\assertj\assertj-core\3.24.2\assertj-core-3.24.2.jar;C:\Users\Virginia\.m2\repository\org\awaitility\awaitility\4.2.0\awaitility-4.2.0.jar;C:\Users\Virginia\.m2\repository\org\hamcrest\hamcrest\2.2\hamcrest-2.2.jar;C:\Users\Virginia\.m2\repository\org\junit\jupiter\junit-jupiter\5.10.1\junit-jupiter-5.10.1.jar;C:\Users\Virginia\.m2\repository\org\junit\jupiter\junit-jupiter-api\5.10.1\junit-jupiter-api-5.10.1.jar;C:\Users\Virginia\.m2\repository\org\opentest4j\opentest4j\1.3.0\opentest4j-1.3.0.jar;C:\Users\Virginia\.m2\repository\org\junit\platform\junit-platform-commons\1.10.1\junit-platform-commons-1.10.1.jar;C:\Users\Virginia\.m2\repository\org\apiguardian\apiguardian-api\1.1.2\apiguardian-api-1.1.2.jar;C:\Users\Virginia\.m2\repository\org\junit\jupiter\junit-jupiter-params\5.10.1\junit-jupiter-params-5.10.1.jar;C:\Users\Virginia\.m2\repository\org\junit\jupiter\junit-jupiter-engine\5.10.1\junit-jupiter-engine-5.10.1.jar;C:\Users\Virginia\.m2\repository\org\junit\platform\junit-platform-engine\1.10.1\junit-platform-engine-1.10.1.jar;C:\Users\Virginia\.m2\repository\org\mockito\mockito-junit-jupiter\5.7.0\mockito-junit-jupiter-5.7.0.jar;C:\Users\Virginia\.m2\repository\org\skyscreamer\jsonassert\1.5.1\jsonassert-1.5.1.jar;C:\Users\Virginia\.m2\repository\com\vaadin\external\google\android-json\0.0.20131108.vaadin1\android-json-0.0.20131108.vaadin1.jar;C:\Users\Virginia\.m2\repository\org\springframework\spring-test\6.1.3\spring-test-6.1.3.jar;C:\Users\Virginia\.m2\repository\org\xmlunit\xmlunit-core\2.9.1\xmlunit-core-2.9.1.jar;"/>
    <property name="sun.cpu.endian" value="little"/>
    <property name="user.home" value="C:\Users\Virginia"/>
    <property name="user.language" value="es"/>
    <property name="java.specification.vendor" value="Oracle Corporation"/>
    <property name="java.version.date" value="2022-01-18"/>
    <property name="java.home" value="C:\Users\Virginia\Desktop\CURSOS\CURSO_SPRING5_UDEMY\sts-4.14.0.RELEASE-IDE\plugins\org.eclipse.justj.openjdk.hotspot.jre.full.win32.x86_64_17.0.2.v20220201-1208\jre"/>
    <property name="file.separator" value="\"/>
    <property name="style.color" value="always"/>
    <property name="basedir" value="C:\Users\Virginia\Desktop\CURSOS\PROYECTOS-CURSOS\PROJECTO-MSERVICIOS\PROJECTO-BUSSINES\paymentchainparent\bussinessdomain\product"/>
    <property name="java.vm.compressedOopsMode" value="Zero based"/>
    <property name="line.separator" value="&#10;"/>
    <property name="java.vm.specification.vendor" value="Oracle Corporation"/>
    <property name="java.specification.name" value="Java Platform API Specification"/>
    <property name="user.script" value=""/>
    <property name="sun.management.compiler" value="HotSpot 64-Bit Tiered Compilers"/>
    <property name="java.runtime.version" value="17.0.2+8"/>
    <property name="user.name" value="Virginia"/>
    <property name="path.separator" value=";"/>
    <property name="os.version" value="10.0"/>
    <property name="java.runtime.name" value="OpenJDK Runtime Environment"/>
    <property name="file.encoding" value="Cp1252"/>
    <property name="java.vm.name" value="OpenJDK 64-Bit Server VM"/>
    <property name="java.vendor.version" value="Temurin-17.0.2+8"/>
    <property name="localRepository" value="C:\Users\Virginia\.m2\repository"/>
    <property name="java.vendor.url.bug" value="https://github.com/adoptium/adoptium-support/issues"/>
    <property name="java.io.tmpdir" value="C:\Users\Virginia\AppData\Local\Temp\"/>
    <property name="java.version" value="17.0.2"/>
    <property name="user.dir" value="C:\Users\Virginia\Desktop\CURSOS\PROYECTOS-CURSOS\PROJECTO-MSERVICIOS\PROJECTO-BUSSINES\paymentchainparent\bussinessdomain\product"/>
    <property name="os.arch" value="amd64"/>
    <property name="java.vm.specification.name" value="Java Virtual Machine Specification"/>
    <property name="sun.os.patch.level" value=""/>
    <property name="native.encoding" value="Cp1252"/>
    <property name="java.library.path" value="C:\Users\Virginia\Desktop\CURSOS\CURSO_SPRING5_UDEMY\sts-4.14.0.RELEASE-IDE\plugins\org.eclipse.justj.openjdk.hotspot.jre.full.win32.x86_64_17.0.2.v20220201-1208\jre\bin;C:\WINDOWS\Sun\Java\bin;C:\WINDOWS\system32;C:\WINDOWS;C:\Users\Virginia\Desktop\CURSOS\CURSO_SPRING5_UDEMY\sts-4.14.0.RELEASE-IDE\plugins\org.eclipse.justj.openjdk.hotspot.jre.full.win32.x86_64_17.0.2.v20220201-1208\jre\bin;C:/Users/Virginia/Desktop/CURSOS/CURSO_SPRING5_UDEMY/sts-4.14.0.RELEASE-IDE//plugins/org.eclipse.justj.openjdk.hotspot.jre.full.win32.x86_64_17.0.2.v20220201-1208/jre/bin/server;C:/Users/Virginia/Desktop/CURSOS/CURSO_SPRING5_UDEMY/sts-4.14.0.RELEASE-IDE//plugins/org.eclipse.justj.openjdk.hotspot.jre.full.win32.x86_64_17.0.2.v20220201-1208/jre/bin;C:\Program Files\Java\jdk-17.0.2\bin;C:\Program Files\Java\jdk1.8.0_261\bin;C:\Program Files\Java\jdk-11.0.14\bin;C:\Program Files (x86)\Common Files\Oracle\Java\javapath;C:\Program Files\Common Files\Oracle\Java\javapath;C:\Program Files (x86)\Common Files\Intel\Shared Libraries\redist\intel64\compiler;C:\ProgramData\Oracle\Java\javapath;C:\oraclexe\app\oracle\product\11.2.0\server\bin;C:\ProgramData\ComposerSetup\bin;C:\WINDOWS\system32;C:\WINDOWS;C:\WINDOWS\System32\Wbem;C:\WINDOWS\System32\WindowsPowerShell\v1.0\;C:\WINDOWS\System32\OpenSSH\;C:\Program Files\AutoFirmaJA\AutoFirmaJA;C:\Program Files\nodejs\;C:\Program Files\Git\cmd;C:\Program Files\Docker\Docker\resources\bin;C:\Program Files\AutoFirma\AutoFirma;C:\RailsInstaller\Git\cmd;C:\RailsInstaller\Ruby2.3.3\bin;C:\Program Files\Java\jdk1.8.0_261;C:\Users\Virginia\AppData\Local\Microsoft\WindowsApps;C:\Users\Virginia\AppData\Local\Programs\Microsoft VS Code\bin;C:\Archivos de programa\nodejs\;C:\xampp\mysql\bin;C:\tools\php74;C:\ProgramData\chocolatey;C:\Users\Virginia\AppData\Roaming\Composer\vendor\bin;C:\Program Files (x86)\ComposerSetup;C:\AppServers\glassfish4\glassfish\bin;C:\Program Files\heroku\bin;C:\apache-maven-3.6.3\bin;C:\Users\Virginia\AppData\Local\GitHubDesktop\bin;C:\Program Files\Java\jdk-11.0.14\bin;C:\Users\Virginia\AppData\Local\Programs\mongosh\;C:\Users\Virginia\AppData\Roaming\npm;%USERPROFILE%\AppData\Local\Microsoft\WindowsApps;;C:\Users\Virginia\Desktop\CURSOS\CURSO_SPRING5_UDEMY\sts-4.14.0.RELEASE-IDE;;."/>
    <property name="java.vm.info" value="mixed mode"/>
    <property name="java.vendor" value="Eclipse Adoptium"/>
    <property name="java.vm.version" value="17.0.2+8"/>
    <property name="sun.io.unicode.encoding" value="UnicodeLittle"/>
    <property name="java.class.version" value="61.0"/>
  </properties>
  <testcase name="shouldAnswerWithTrue" classname="com.paymentchain.product.AppTest" time="0.04"/>
</testsuite>